<?xml version="1.0" encoding="UTF-8"?>
<testng-results skipped="0" failed="0" total="1" passed="1">
  <reporter-output>
  </reporter-output>
  <suite name="Default suite" duration-ms="41744" started-at="2021-02-15T21:11:06Z" finished-at="2021-02-15T21:11:48Z">
    <groups>
    </groups>
    <test name="Default test" duration-ms="41744" started-at="2021-02-15T21:11:06Z" finished-at="2021-02-15T21:11:48Z">
      <class name="Practice.CICDTest.Test1">
        <test-method status="PASS" signature="loginTest()[pri:0, instance:Practice.CICDTest.Test1@7d417077]" name="loginTest" duration-ms="41707" started-at="2021-02-16T02:41:06Z" finished-at="2021-02-16T02:41:48Z">
          <reporter-output>
          </reporter-output>
        </test-method> <!-- loginTest -->
      </class> <!-- Practice.CICDTest.Test1 -->
    </test> <!-- Default test -->
  </suite> <!-- Default suite -->
</testng-results>
